{
  "RSpec": {
    "coverage": {
      "/Users/roystonHenson/Projects/database-server/app/app.rb": [
        1,
        1,
        null,
        0,
        null,
        0,
        null,
        0,
        null,
        0,
        null,
        0,
        0,
        null,
        null,
        0,
        0,
        null,
        null,
        0,
        0,
        null,
        null,
        0,
        0,
        null,
        null,
        null,
        null,
        0,
        null
      ],
      "/Users/roystonHenson/Projects/database-server/app/models/value.rb": [
        1,
        0,
        null,
        0,
        null,
        0,
        null,
        0,
        null,
        null
      ]
    },
    "timestamp": 1480352123
  }
}
